<?xml version="1.0" encoding="UTF-8"?>
<!-- Generated by org.testng.reporters.JUnitReportReporter -->
<testsuite hostname="niaz-Latitude-E5450" failures="0" tests="1" name="com.mytest.WebElementCommand" time="9.531" errors="0" timestamp="2025-08-27T19:37:26 BDT" skipped="0">
  <testcase classname="com.mytest.WebElementCommand" name="webelementcommand" time="9.531"/>
</testsuite> <!-- com.mytest.WebElementCommand -->
