<?xml version="1.0" encoding="UTF-8"?>
<!-- Generated by org.testng.reporters.JUnitReportReporter -->
<testsuite hostname="niaz-Latitude-E5450" failures="0" tests="1" name="com.mytest.SelectOptionTest" time="18.328" errors="0" timestamp="2025-08-29T23:19:53 BDT" skipped="0">
  <testcase classname="com.mytest.SelectOptionTest" name="selectOptionTest" time="18.328"/>
</testsuite> <!-- com.mytest.SelectOptionTest -->
