<?xml version="1.0" encoding="UTF-8"?>
<!-- Generated by org.testng.reporters.JUnitReportReporter -->
<testsuite hostname="niaz-Latitude-E5450" failures="0" tests="1" name="com.mytest.TabHandling" time="24.966" errors="0" timestamp="2025-08-30T04:16:40 BDT" skipped="0">
  <testcase classname="com.mytest.TabHandling" name="tabs" time="24.966"/>
</testsuite> <!-- com.mytest.TabHandling -->
