<?xml version="1.0" encoding="UTF-8"?>
<!-- Generated by org.testng.reporters.JUnitReportReporter -->
<testsuite hostname="niaz-Latitude-E5450" failures="0" tests="1" name="com.mytest.AlartTest" time="24.679" errors="0" timestamp="2025-08-29T02:43:23 BDT" skipped="0">
  <testcase classname="com.mytest.AlartTest" name="testingAltert" time="24.679"/>
</testsuite> <!-- com.mytest.AlartTest -->
