<?xml version="1.0" encoding="UTF-8"?>
<!-- Generated by org.testng.reporters.JUnitReportReporter -->
<testsuite hostname="niaz-Latitude-E5450" failures="0" tests="1" name="com.mytest.CopyPaste" time="14.937" errors="0" timestamp="2025-08-30T00:38:28 BDT" skipped="0">
  <testcase classname="com.mytest.CopyPaste" name="copPaste" time="14.937"/>
</testsuite> <!-- com.mytest.CopyPaste -->
