<?xml version="1.0" encoding="UTF-8"?>
<!-- Generated by org.testng.reporters.JUnitReportReporter -->
<testsuite hostname="niaz-Latitude-E5450" failures="0" tests="1" name="com.mytest.IFrems" time="7.178" errors="0" timestamp="2025-08-30T03:52:22 BDT" skipped="0">
  <testcase classname="com.mytest.IFrems" name="iFrameTool" time="7.178"/>
</testsuite> <!-- com.mytest.IFrems -->
