<?xml version="1.0" encoding="UTF-8"?>
<!-- Generated by org.testng.reporters.JUnitReportReporter -->
<testsuite hostname="niaz-Latitude-E5450" failures="0" tests="1" name="com.mytest.MouseHover" time="23.724" errors="0" timestamp="2025-08-29T04:16:55 BDT" skipped="0">
  <testcase classname="com.mytest.MouseHover" name="mouseHover" time="23.724"/>
</testsuite> <!-- com.mytest.MouseHover -->
