<?xml version="1.0" encoding="UTF-8"?>
<!-- Generated by org.testng.reporters.JUnitReportReporter -->
<testsuite hostname="niaz-Latitude-E5450" failures="0" tests="1" name="com.mytest.FirstTest" time="6.627" errors="0" timestamp="2025-08-27T00:36:37 BDT" skipped="0">
  <testcase classname="com.mytest.FirstTest" name="openGoogle" time="6.627"/>
</testsuite> <!-- com.mytest.FirstTest -->
