<?xml version="1.0" encoding="UTF-8"?>
<!-- Generated by org.testng.reporters.JUnitReportReporter -->
<testsuite hostname="niaz-Latitude-E5450" failures="0" tests="1" name="com.mytest.TestNGAnnotation" time="0.015" errors="0" timestamp="2025-08-27T14:09:58 BDT" skipped="0">
  <testcase classname="com.mytest.TestNGAnnotation" name="test1" time="0.015"/>
</testsuite> <!-- com.mytest.TestNGAnnotation -->
