<?xml version="1.0" encoding="UTF-8"?>
<!-- Generated by org.testng.reporters.JUnitReportReporter -->
<testsuite hostname="niaz-Latitude-E5450" failures="0" tests="1" name="com.mytest.ImplicitAndExplicitWait" time="6.454" errors="0" timestamp="2025-08-30T03:19:20 BDT" skipped="0">
  <testcase classname="com.mytest.ImplicitAndExplicitWait" name="explicitWait" time="6.454"/>
</testsuite> <!-- com.mytest.ImplicitAndExplicitWait -->
