<?xml version="1.0" encoding="UTF-8"?>
<!-- Generated by org.testng.reporters.JUnitReportReporter -->
<testsuite hostname="niaz-Latitude-E5450" failures="0" tests="1" name="com.mytest.NavigateTest" time="20.874" errors="0" timestamp="2025-08-27T20:09:50 BDT" skipped="0">
  <testcase classname="com.mytest.NavigateTest" name="navigation" time="20.874"/>
</testsuite> <!-- com.mytest.NavigateTest -->
