<?xml version="1.0" encoding="UTF-8"?>
<!-- Generated by org.testng.reporters.JUnitReportReporter -->
<testsuite hostname="niaz-Latitude-E5450" failures="0" tests="1" name="com.mytest.WebElementFinding" time="7.307" errors="0" timestamp="2025-08-27T18:13:50 BDT" skipped="0">
  <testcase classname="com.mytest.WebElementFinding" name="locatorFinding" time="7.307"/>
</testsuite> <!-- com.mytest.WebElementFinding -->
